190411-14:41:43 [INFO] -- 
190411-14:41:43 [INFO] -- 
190411-14:41:43 [INFO] -- ============================================================
190411-14:41:43 [INFO] -- ATMSSStarter: Application Starting...
190411-14:41:45 [INFO] -- timer: starting...
190411-14:41:45 [INFO] -- CardReaderHandler: starting...
190411-14:41:45 [INFO] -- KeypadHandler: starting...
190411-14:41:45 [INFO] -- ATMSS: starting...
190411-14:41:45 [INFO] -- TouchDisplayHandler: starting...
190411-14:41:45 [INFO] -- CashDepositHandler: starting...
190411-14:41:45 [INFO] -- CashDispenserHandler: starting...
190411-14:41:45 [INFO] -- TouchDisplayHandler: update display -- 0:TEMP1:ATM
Insert Card Please:F
190411-14:41:45 [INFO] -- BuzzerHandler: starting...
190411-14:41:45 [INFO] -- AdvicePrinterHandler: starting...
190411-14:41:45 [INFO] -- TouchDisplayHandler: loading fxml: TouchDisplayEmulator.fxml
190411-14:41:45 [INFO] -- BuzzerHandler: terminating...
190411-14:41:49 [INFO] -- CardReaderHandler: card inserted
190411-14:41:49 [INFO] -- CardInfo: 123456789098
190411-14:41:49 [INFO] -- TouchDisplayHandler: update display -- 0:TEMP1:Input PIN:T:PIN
190411-14:41:49 [INFO] -- TouchDisplayHandler: loading fxml: TouchDisplayEmulator.fxml
190411-14:41:51 [INFO] -- TouchDisplayHandler: update display -- 1:*
190411-14:41:51 [INFO] -- BuzzerHandler: terminating...
190411-14:41:51 [INFO] -- TouchDisplayHandler: update display -- 1:**
190411-14:41:51 [INFO] -- BuzzerHandler: terminating...
190411-14:41:52 [INFO] -- TouchDisplayHandler: update display -- 1:***
190411-14:41:52 [INFO] -- BuzzerHandler: terminating...
190411-14:41:52 [INFO] -- TouchDisplayHandler: update display -- 1:****
190411-14:41:52 [INFO] -- BuzzerHandler: terminating...
190411-14:41:52 [INFO] -- TouchDisplayHandler: update display -- 1:*****
190411-14:41:52 [INFO] -- BuzzerHandler: terminating...
190411-14:41:52 [INFO] -- TouchDisplayHandler: update display -- 1:******
190411-14:41:52 [INFO] -- BuzzerHandler: terminating...
190411-14:41:53 [INFO] -- TouchDisplayHandler: update display -- 0:TEMP1:Please Wait:F:N
190411-14:41:53 [INFO] -- TouchDisplayHandler: loading fxml: TouchDisplayEmulator.fxml
190411-14:41:53 [INFO] -- BuzzerHandler: terminating...
190411-14:41:54 [INFO] -- Login Activity: CRED: 94943
190411-14:41:54 [INFO] -- Change activity to MainMenu
190411-14:41:54 [INFO] -- TouchDisplayHandler: update display -- 0:TEMP2:Welcome!
Please select service.:Check Balance:Withdraw Cash:Deposit Cash:Transfer:End Service:F
190411-14:41:54 [INFO] -- TouchDisplayHandler: loading fxml: TouchDisplayMainMenu.fxml
190411-14:41:56 [INFO] -- Change activity to CheckBalance
190411-14:41:56 [INFO] -- Check Balance Activity: Get Msg: Type: ACT_Start, Msg: CheckBalance
190411-14:41:56 [INFO] -- TouchDisplayHandler: update display -- 0:TEMP1:Please Wait!:F
190411-14:41:56 [INFO] -- TouchDisplayHandler: loading fxml: TouchDisplayEmulator.fxml
190411-14:41:56 [INFO] -- Check Balance Activity: Get Msg: Type: BAMS, Msg: getAcc:111-222-334/111-222-335/
190411-14:41:59 [INFO] -- TouchDisplayHandler: update display -- 0:TEMP2:Please select the account you want to check:111-222-334:111-222-335:F
190411-14:41:59 [INFO] -- TouchDisplayHandler: loading fxml: TouchDisplayMainMenu.fxml
